<?xml version="1.0" encoding="UTF-8"?>
<!-- Generated by org.testng.reporters.JUnitXMLReporter -->
<testsuite hostname="BTM-Faculty-PC" ignored="0" name="Default test" tests="2" failures="0" timestamp="13 Nov 2019 08:31:51 GMT" time="47.563" errors="0">
  <testcase name="verifyActiValidLoginTest" time="10.246" classname="com.actitime.loginLib.VerifyActiLogin1"/>
  <testcase name="verifyActiInvalidLoginTest" time="26.496" classname="com.actitime.loginLib.VerifyActiLogin1"/>
</testsuite> <!-- Default test -->
