<?xml version="1.0" encoding="UTF-8"?>
<testng-results skipped="0" failed="0" ignored="0" total="2" passed="2">
  <reporter-output>
    <line>
      <![CDATA[Login Page is verified, PASSED]]>
    </line>
    <line>
      <![CDATA[Home Page is verified, PASSED]]>
    </line>
    <line>
      <![CDATA[Error Message is verified, PASSED]]>
    </line>
    <line>
      <![CDATA[Error Message is verified, PASSED]]>
    </line>
    <line>
      <![CDATA[Error Message is verified, PASSED]]>
    </line>
    <line>
      <![CDATA[Error Message is verified, PASSED]]>
    </line>
    <line>
      <![CDATA[Error Message is verified, PASSED]]>
    </line>
    <line>
      <![CDATA[Error Message is verified, PASSED]]>
    </line>
    <line>
      <![CDATA[Error Message is verified, PASSED]]>
    </line>
  </reporter-output>
  <suite name="Default suite" duration-ms="47563" started-at="2019-11-13T08:31:04Z" finished-at="2019-11-13T08:31:51Z">
    <groups>
    </groups>
    <test name="Default test" duration-ms="47563" started-at="2019-11-13T08:31:04Z" finished-at="2019-11-13T08:31:51Z">
      <class name="com.actitime.loginLib.VerifyActiLogin1">
        <test-method status="PASS" signature="openBrowser()[pri:0, instance:com.actitime.loginLib.VerifyActiLogin1@675d3402]" name="openBrowser" is-config="true" duration-ms="9824" started-at="2019-11-13T14:01:04Z" finished-at="2019-11-13T14:01:14Z">
          <reporter-output>
            <line>
              <![CDATA[Login Page is verified, PASSED]]>
            </line>
          </reporter-output>
        </test-method> <!-- openBrowser -->
        <test-method status="PASS" signature="verifyActiValidLoginTest()[pri:1, instance:com.actitime.loginLib.VerifyActiLogin1@675d3402]" name="verifyActiValidLoginTest" duration-ms="10246" started-at="2019-11-13T14:01:14Z" finished-at="2019-11-13T14:01:24Z">
          <reporter-output>
            <line>
              <![CDATA[Home Page is verified, PASSED]]>
            </line>
          </reporter-output>
        </test-method> <!-- verifyActiValidLoginTest -->
        <test-method status="PASS" signature="verifyActiInvalidLoginTest()[pri:2, instance:com.actitime.loginLib.VerifyActiLogin1@675d3402]" name="verifyActiInvalidLoginTest" duration-ms="26496" started-at="2019-11-13T14:01:24Z" finished-at="2019-11-13T14:01:50Z">
          <reporter-output>
            <line>
              <![CDATA[Error Message is verified, PASSED]]>
            </line>
            <line>
              <![CDATA[Error Message is verified, PASSED]]>
            </line>
            <line>
              <![CDATA[Error Message is verified, PASSED]]>
            </line>
            <line>
              <![CDATA[Error Message is verified, PASSED]]>
            </line>
            <line>
              <![CDATA[Error Message is verified, PASSED]]>
            </line>
            <line>
              <![CDATA[Error Message is verified, PASSED]]>
            </line>
            <line>
              <![CDATA[Error Message is verified, PASSED]]>
            </line>
          </reporter-output>
        </test-method> <!-- verifyActiInvalidLoginTest -->
        <test-method status="PASS" signature="tearDown()[pri:0, instance:com.actitime.loginLib.VerifyActiLogin1@675d3402]" name="tearDown" is-config="true" duration-ms="960" started-at="2019-11-13T14:01:50Z" finished-at="2019-11-13T14:01:51Z">
          <reporter-output>
          </reporter-output>
        </test-method> <!-- tearDown -->
      </class> <!-- com.actitime.loginLib.VerifyActiLogin1 -->
    </test> <!-- Default test -->
  </suite> <!-- Default suite -->
</testng-results>
